<?xml version="1.0" encoding="UTF-8"?>
<!-- Generated by org.testng.reporters.JUnitReportReporter -->
<testsuite hostname="DSM5PQ2" failures="0" tests="3" name="testCases.Gustasi" time="12.143" errors="0" timestamp="2021-03-26T18:31:55 IST" skipped="0">
  <testcase classname="testCases.Gustasi" name="loginTestCases" time="3.728"/>
  <system-out/>
  <testcase classname="testCases.Gustasi" name="launchSite" time="4.939"/>
  <system-out/>
  <testcase classname="testCases.Gustasi" name="loginTestCases" time="3.476"/>
  <system-out/>
</testsuite> <!-- testCases.Gustasi -->
