<?xml version="1.0" encoding="UTF-8"?>
<!-- Generated by org.testng.reporters.JUnitReportReporter -->
<testsuite hostname="DSM5PQ2" failures="0" tests="1" name="testCases.Gustasi" time="91.775" errors="0" timestamp="2021-03-29T23:03:41 IST" skipped="0">
  <testcase classname="testCases.Gustasi" name="addProductsToBag" time="91.775"/>
  <system-out/>
</testsuite> <!-- testCases.Gustasi -->
