<?xml version="1.0" encoding="UTF-8"?>
<!-- Generated by org.testng.reporters.JUnitReportReporter -->
<testsuite skipped="0" hostname="LAPTOP-375E1BH7" name="testCases.Gustasi" tests="1" failures="0" timestamp="2021-03-22T23:27:55 IST" time="12.556" errors="0">
  <testcase name="launchSite" time="12.556" classname="testCases.Gustasi"/>
  <system-out/>
</testsuite> <!-- testCases.Gustasi -->
