<?xml version="1.0" encoding="UTF-8"?>
<!-- Generated by org.testng.reporters.JUnitReportReporter -->
<testsuite hostname="DSM5PQ2" failures="0" tests="4" name="testCases.Gustasi" time="30.346" errors="0" timestamp="2021-03-26T22:25:44 IST" skipped="0">
  <testcase classname="testCases.Gustasi" name="launchSite" time="9.959"/>
  <system-out/>
  <testcase classname="testCases.Gustasi" name="addProductsToBag" time="7.644"/>
  <system-out/>
  <testcase classname="testCases.Gustasi" name="loginTestCases" time="6.403"/>
  <system-out/>
  <testcase classname="testCases.Gustasi" name="loginTestCases" time="6.340"/>
  <system-out/>
</testsuite> <!-- testCases.Gustasi -->
